{"time":"2020-02-24 09:43:49","pid":20104,"command":"attach","tempdir":"C:\\Users\\Saw\\AppData\\Local\\Temp\\RtmpGyeV00"} 
{"time":"2020-02-25 11:10:36","pid":17776,"command":"attach","tempdir":"C:\\Users\\Saw\\AppData\\Local\\Temp\\RtmpA77KsX"} 
{"time":"2020-02-26 09:46:54","pid":11060,"command":"attach","tempdir":"C:\\Users\\Saw\\AppData\\Local\\Temp\\RtmpkDvClc"} 
{"time":"2020-02-26 10:51:32","pid":11060,"command":"webview","file":"C:\\Users\\Saw\\AppData\\Local\\Temp\\RtmpkDvClc\\viewhtml2b3470c46e1d/index.html","height":{},"viewColumn":"Two"} 
{"time":"2020-02-26 10:54:40","pid":11060,"command":"webview","file":"C:\\Users\\Saw\\AppData\\Local\\Temp\\RtmpkDvClc\\viewhtml2b3446651fcd/index.html","height":{},"viewColumn":"Two"} 
{"time":"2020-02-26 16:39:47","pid":11060,"command":"browser","url":"http://127.0.0.1:31460/library/glmnet/html/cv.glmnet.html"} 
{"time":"2020-02-27 09:46:09","pid":17872,"command":"attach","tempdir":"C:\\Users\\Saw\\AppData\\Local\\Temp\\Rtmp0apUfQ"} 
{"time":"2020-02-28 11:02:44","pid":14700,"command":"attach","tempdir":"C:\\Users\\Saw\\AppData\\Local\\Temp\\RtmpmiKaYk"}  

{"time":"2020-02-28 11:04:52","pid":23416,"command":"attach","tempdir":"C:\\Users\\Saw\\AppData\\Local\\Temp\\RtmpUrp0dN"} 
{"time":"2020-02-28 11:54:15","pid":2792,"command":"attach","tempdir":"C:\\Users\\Saw\\AppData\\Local\\Temp\\RtmpMD1pmh"} 
{"time":"2020-02-28 14:30:11","pid":10312,"command":"attach","tempdir":"C:\\Users\\Saw\\AppData\\Local\\Temp\\RtmpIx9IzD"} 
{"time":"2020-02-28 14:30:11","pid":20220,"command":"attach","tempdir":"C:\\Users\\Saw\\AppData\\Local\\Temp\\RtmpoFV0H2"} {"time":"2020-02-28 14:30:11","pid":16836,"command":"attach","tempdir":"C:\\Users\\Saw\\AppData\\Local\\Temp\\RtmpED8eN1"} 
{"time":"2020-02-28 15:15:57","pid":3008,"command":"attach","tempdir":"C:\\Users\\Saw\\AppData\\Local\\Temp\\Rtmp8CHVPJ"} 
{"time":"2020-02-28 15:52:36","pid":21292,"command":"attach","tempdir":"C:\\Users\\Saw\\AppData\\Local\\Temp\\RtmpCqm8cW"} 
{"time":"2020-03-03 17:19:22","pid":12580,"command":"attach","tempdir":"C:\\Users\\Saw\\AppData\\Local\\Temp\\Rtmp8ERbAV"} 
{"time":"2020-03-04 09:19:24","pid":23388,"command":"attach","tempdir":"C:\\Users\\Saw\\AppData\\Local\\Temp\\Rtmp8oLVok"} 
{"time":"2020-03-04 09:19:24","pid":11892,"command":"attach","tempdir":"C:\\Users\\Saw\\AppData\\Local\\Temp\\RtmpwzELkT"} 
{"time":"2020-03-04 14:17:51","pid":11892,"command":"webview","file":"C:\\Users\\Saw\\AppData\\Local\\Temp\\RtmpwzELkT\\viewhtml2e74277d844/index.html","height":{},"viewColumn":"Two"} 
{"time":"2020-03-05 14:14:14","pid":13164,"command":"attach","tempdir":"C:\\Users\\Saw\\AppData\\Local\\Temp\\RtmpgfINyv"} 
{"time":"2020-03-06 10:25:23","pid":20004,"command":"attach","tempdir":"C:\\Users\\Saw\\AppData\\Local\\Temp\\Rtmpkl4Ae7"}  

{"time":"2020-03-09 17:27:29","pid":24516,"command":"attach","tempdir":"C:\\Users\\Saw\\AppData\\Local\\Temp\\Rtmps95Vsl"} 
{"time":"2020-03-10 09:58:37","pid":2596,"command":"attach","tempdir":"C:\\Users\\Saw\\AppData\\Local\\Temp\\Rtmp8svR18"} 
{"time":"2020-03-10 12:19:42","pid":11632,"command":"attach","tempdir":"C:\\Users\\Saw\\AppData\\Local\\Temp\\RtmpaMF04f"} 
{"time":"2020-03-10 12:19:42","pid":5364,"command":"attach","tempdir":"C:\\Users\\Saw\\AppData\\Local\\Temp\\Rtmp4Wvf7E"} 
{"time":"2020-03-10 12:19:43","pid":12468,"command":"attach","tempdir":"C:\\Users\\Saw\\AppData\\Local\\Temp\\RtmpKWWKzK"} 
{"time":"2020-03-10 12:20:39","pid":23412,"command":"attach","tempdir":"C:\\Users\\Saw\\AppData\\Local\\Temp\\RtmpmAPl7H"} 
{"time":"2020-03-10 14:14:28","pid":7828,"command":"attach","tempdir":"C:\\Users\\Saw\\AppData\\Local\\Temp\\RtmpEDQLl8"}} 

{"time":"2020-03-10 14:25:28","pid":7228,"command":"attach","tempdir":"C:\\Users\\Saw\\AppData\\Local\\Temp\\RtmpWMGfcr"} 
{"time":"2020-03-10 16:43:25","pid":7152,"command":"attach","tempdir":"C:\\Users\\Saw\\AppData\\Local\\Temp\\RtmpopG8i1"} 
{"time":"2020-03-10 16:43:25","pid":11308,"command":"attach","tempdir":"C:\\Users\\Saw\\AppData\\Local\\Temp\\Rtmpc1XCvn"} 
{"time":"2020-03-10 16:43:25","pid":3528,"command":"attach","tempdir":"C:\\Users\\Saw\\AppData\\Local\\Temp\\Rtmp4iq4Gf"} 
{"time":"2020-03-10 16:43:25","pid":16388,"command":"attach","tempdir":"C:\\Users\\Saw\\AppData\\Local\\Temp\\RtmpQx8za3"} 
{"time":"2020-03-11 09:29:32","pid":13156,"command":"attach","tempdir":"C:\\Users\\Saw\\AppData\\Local\\Temp\\RtmpSM71qS"} 
{"time":"2020-03-13 17:06:05","pid":10680,"command":"attach","tempdir":"C:\\Users\\Saw\\AppData\\Local\\Temp\\RtmpkXs972"} "time":"2020-03-13 17:06:05","pid":2848,"command":"attach","tempdir":"C:\\Users\\Saw\\AppData\\Local\\Temp\\RtmpsbEbKz"}  

{"time":"2020-03-16 13:14:26","pid":13484,"command":"attach","tempdir":"C:\\Users\\Saw\\AppData\\Local\\Temp\\Rtmpao0pb9"} 
{"time":"2020-03-17 11:01:39","pid":18308,"command":"attach","tempdir":"C:\\Users\\Saw\\AppData\\Local\\Temp\\Rtmpox5eU4"} 
{"time":"2020-03-18 15:24:53","pid":14596,"command":"attach","tempdir":"C:\\Users\\Saw\\AppData\\Local\\Temp\\RtmpQj1J1N"} 
